  Game.cpp
D:\C++\Projects\BoxMover\BoxMover\Game.cpp(18,60): warning C4244: аргумент: преобразование "T" в "int", возможна потеря данных
D:\C++\Projects\BoxMover\BoxMover\Game.cpp(18,60): warning C4244:         with
D:\C++\Projects\BoxMover\BoxMover\Game.cpp(18,60): warning C4244:         [
D:\C++\Projects\BoxMover\BoxMover\Game.cpp(18,60): warning C4244:             T=float
D:\C++\Projects\BoxMover\BoxMover\Game.cpp(18,60): warning C4244:         ]
D:\C++\Projects\BoxMover\BoxMover\Game.cpp(18,40): warning C4244: аргумент: преобразование "T" в "int", возможна потеря данных
D:\C++\Projects\BoxMover\BoxMover\Game.cpp(18,40): warning C4244:         with
D:\C++\Projects\BoxMover\BoxMover\Game.cpp(18,40): warning C4244:         [
D:\C++\Projects\BoxMover\BoxMover\Game.cpp(18,40): warning C4244:             T=float
D:\C++\Projects\BoxMover\BoxMover\Game.cpp(18,40): warning C4244:         ]
D:\C++\Projects\BoxMover\BoxMover\Game.cpp(21,88): warning C4244: аргумент: преобразование "T" в "int", возможна потеря данных
D:\C++\Projects\BoxMover\BoxMover\Game.cpp(21,88): warning C4244:         with
D:\C++\Projects\BoxMover\BoxMover\Game.cpp(21,88): warning C4244:         [
D:\C++\Projects\BoxMover\BoxMover\Game.cpp(21,88): warning C4244:             T=float
D:\C++\Projects\BoxMover\BoxMover\Game.cpp(21,88): warning C4244:         ]
D:\C++\Projects\BoxMover\BoxMover\Game.cpp(21,55): warning C4244: аргумент: преобразование "T" в "int", возможна потеря данных
D:\C++\Projects\BoxMover\BoxMover\Game.cpp(21,55): warning C4244:         with
D:\C++\Projects\BoxMover\BoxMover\Game.cpp(21,55): warning C4244:         [
D:\C++\Projects\BoxMover\BoxMover\Game.cpp(21,55): warning C4244:             T=float
D:\C++\Projects\BoxMover\BoxMover\Game.cpp(21,55): warning C4244:         ]
D:\C++\Projects\BoxMover\BoxMover\Game.cpp(23,68): warning C4244: аргумент: преобразование "T" в "int", возможна потеря данных
D:\C++\Projects\BoxMover\BoxMover\Game.cpp(23,68): warning C4244:         with
D:\C++\Projects\BoxMover\BoxMover\Game.cpp(23,68): warning C4244:         [
D:\C++\Projects\BoxMover\BoxMover\Game.cpp(23,68): warning C4244:             T=float
D:\C++\Projects\BoxMover\BoxMover\Game.cpp(23,68): warning C4244:         ]
D:\C++\Projects\BoxMover\BoxMover\Game.cpp(23,42): warning C4244: аргумент: преобразование "T" в "int", возможна потеря данных
D:\C++\Projects\BoxMover\BoxMover\Game.cpp(23,42): warning C4244:         with
D:\C++\Projects\BoxMover\BoxMover\Game.cpp(23,42): warning C4244:         [
D:\C++\Projects\BoxMover\BoxMover\Game.cpp(23,42): warning C4244:             T=float
D:\C++\Projects\BoxMover\BoxMover\Game.cpp(23,42): warning C4244:         ]
D:\C++\Projects\BoxMover\BoxMover\Game.cpp(25,68): warning C4244: аргумент: преобразование "T" в "int", возможна потеря данных
D:\C++\Projects\BoxMover\BoxMover\Game.cpp(25,68): warning C4244:         with
D:\C++\Projects\BoxMover\BoxMover\Game.cpp(25,68): warning C4244:         [
D:\C++\Projects\BoxMover\BoxMover\Game.cpp(25,68): warning C4244:             T=float
D:\C++\Projects\BoxMover\BoxMover\Game.cpp(25,68): warning C4244:         ]
D:\C++\Projects\BoxMover\BoxMover\Game.cpp(25,42): warning C4244: аргумент: преобразование "T" в "int", возможна потеря данных
D:\C++\Projects\BoxMover\BoxMover\Game.cpp(25,42): warning C4244:         with
D:\C++\Projects\BoxMover\BoxMover\Game.cpp(25,42): warning C4244:         [
D:\C++\Projects\BoxMover\BoxMover\Game.cpp(25,42): warning C4244:             T=float
D:\C++\Projects\BoxMover\BoxMover\Game.cpp(25,42): warning C4244:         ]
D:\C++\Projects\BoxMover\BoxMover\Game.cpp(34,60): warning C4244: аргумент: преобразование "T" в "int", возможна потеря данных
D:\C++\Projects\BoxMover\BoxMover\Game.cpp(34,60): warning C4244:         with
D:\C++\Projects\BoxMover\BoxMover\Game.cpp(34,60): warning C4244:         [
D:\C++\Projects\BoxMover\BoxMover\Game.cpp(34,60): warning C4244:             T=float
D:\C++\Projects\BoxMover\BoxMover\Game.cpp(34,60): warning C4244:         ]
D:\C++\Projects\BoxMover\BoxMover\Game.cpp(34,47): warning C4244: аргумент: преобразование "T" в "int", возможна потеря данных
D:\C++\Projects\BoxMover\BoxMover\Game.cpp(34,47): warning C4244:         with
D:\C++\Projects\BoxMover\BoxMover\Game.cpp(34,47): warning C4244:         [
D:\C++\Projects\BoxMover\BoxMover\Game.cpp(34,47): warning C4244:             T=float
D:\C++\Projects\BoxMover\BoxMover\Game.cpp(34,47): warning C4244:         ]
D:\C++\Projects\BoxMover\BoxMover\Game.cpp(37,88): warning C4244: аргумент: преобразование "T" в "int", возможна потеря данных
D:\C++\Projects\BoxMover\BoxMover\Game.cpp(37,88): warning C4244:         with
D:\C++\Projects\BoxMover\BoxMover\Game.cpp(37,88): warning C4244:         [
D:\C++\Projects\BoxMover\BoxMover\Game.cpp(37,88): warning C4244:             T=float
D:\C++\Projects\BoxMover\BoxMover\Game.cpp(37,88): warning C4244:         ]
D:\C++\Projects\BoxMover\BoxMover\Game.cpp(37,62): warning C4244: аргумент: преобразование "T" в "int", возможна потеря данных
D:\C++\Projects\BoxMover\BoxMover\Game.cpp(37,62): warning C4244:         with
D:\C++\Projects\BoxMover\BoxMover\Game.cpp(37,62): warning C4244:         [
D:\C++\Projects\BoxMover\BoxMover\Game.cpp(37,62): warning C4244:             T=float
D:\C++\Projects\BoxMover\BoxMover\Game.cpp(37,62): warning C4244:         ]
D:\C++\Projects\BoxMover\BoxMover\Game.cpp(39,68): warning C4244: аргумент: преобразование "T" в "int", возможна потеря данных
D:\C++\Projects\BoxMover\BoxMover\Game.cpp(39,68): warning C4244:         with
D:\C++\Projects\BoxMover\BoxMover\Game.cpp(39,68): warning C4244:         [
D:\C++\Projects\BoxMover\BoxMover\Game.cpp(39,68): warning C4244:             T=float
D:\C++\Projects\BoxMover\BoxMover\Game.cpp(39,68): warning C4244:         ]
D:\C++\Projects\BoxMover\BoxMover\Game.cpp(39,42): warning C4244: аргумент: преобразование "T" в "int", возможна потеря данных
D:\C++\Projects\BoxMover\BoxMover\Game.cpp(39,42): warning C4244:         with
D:\C++\Projects\BoxMover\BoxMover\Game.cpp(39,42): warning C4244:         [
D:\C++\Projects\BoxMover\BoxMover\Game.cpp(39,42): warning C4244:             T=float
D:\C++\Projects\BoxMover\BoxMover\Game.cpp(39,42): warning C4244:         ]
D:\C++\Projects\BoxMover\BoxMover\Game.cpp(41,68): warning C4244: аргумент: преобразование "T" в "int", возможна потеря данных
D:\C++\Projects\BoxMover\BoxMover\Game.cpp(41,68): warning C4244:         with
D:\C++\Projects\BoxMover\BoxMover\Game.cpp(41,68): warning C4244:         [
D:\C++\Projects\BoxMover\BoxMover\Game.cpp(41,68): warning C4244:             T=float
D:\C++\Projects\BoxMover\BoxMover\Game.cpp(41,68): warning C4244:         ]
D:\C++\Projects\BoxMover\BoxMover\Game.cpp(41,42): warning C4244: аргумент: преобразование "T" в "int", возможна потеря данных
D:\C++\Projects\BoxMover\BoxMover\Game.cpp(41,42): warning C4244:         with
D:\C++\Projects\BoxMover\BoxMover\Game.cpp(41,42): warning C4244:         [
D:\C++\Projects\BoxMover\BoxMover\Game.cpp(41,42): warning C4244:             T=float
D:\C++\Projects\BoxMover\BoxMover\Game.cpp(41,42): warning C4244:         ]
D:\C++\Projects\BoxMover\BoxMover\Game.cpp(50,60): warning C4244: аргумент: преобразование "T" в "int", возможна потеря данных
D:\C++\Projects\BoxMover\BoxMover\Game.cpp(50,60): warning C4244:         with
D:\C++\Projects\BoxMover\BoxMover\Game.cpp(50,60): warning C4244:         [
D:\C++\Projects\BoxMover\BoxMover\Game.cpp(50,60): warning C4244:             T=float
D:\C++\Projects\BoxMover\BoxMover\Game.cpp(50,60): warning C4244:         ]
D:\C++\Projects\BoxMover\BoxMover\Game.cpp(50,40): warning C4244: аргумент: преобразование "T" в "int", возможна потеря данных
D:\C++\Projects\BoxMover\BoxMover\Game.cpp(50,40): warning C4244:         with
D:\C++\Projects\BoxMover\BoxMover\Game.cpp(50,40): warning C4244:         [
D:\C++\Projects\BoxMover\BoxMover\Game.cpp(50,40): warning C4244:             T=float
D:\C++\Projects\BoxMover\BoxMover\Game.cpp(50,40): warning C4244:         ]
D:\C++\Projects\BoxMover\BoxMover\Game.cpp(53,88): warning C4244: аргумент: преобразование "T" в "int", возможна потеря данных
D:\C++\Projects\BoxMover\BoxMover\Game.cpp(53,88): warning C4244:         with
D:\C++\Projects\BoxMover\BoxMover\Game.cpp(53,88): warning C4244:         [
D:\C++\Projects\BoxMover\BoxMover\Game.cpp(53,88): warning C4244:             T=float
D:\C++\Projects\BoxMover\BoxMover\Game.cpp(53,88): warning C4244:         ]
D:\C++\Projects\BoxMover\BoxMover\Game.cpp(53,55): warning C4244: аргумент: преобразование "T" в "int", возможна потеря данных
D:\C++\Projects\BoxMover\BoxMover\Game.cpp(53,55): warning C4244:         with
D:\C++\Projects\BoxMover\BoxMover\Game.cpp(53,55): warning C4244:         [
D:\C++\Projects\BoxMover\BoxMover\Game.cpp(53,55): warning C4244:             T=float
D:\C++\Projects\BoxMover\BoxMover\Game.cpp(53,55): warning C4244:         ]
D:\C++\Projects\BoxMover\BoxMover\Game.cpp(55,68): warning C4244: аргумент: преобразование "T" в "int", возможна потеря данных
D:\C++\Projects\BoxMover\BoxMover\Game.cpp(55,68): warning C4244:         with
D:\C++\Projects\BoxMover\BoxMover\Game.cpp(55,68): warning C4244:         [
D:\C++\Projects\BoxMover\BoxMover\Game.cpp(55,68): warning C4244:             T=float
D:\C++\Projects\BoxMover\BoxMover\Game.cpp(55,68): warning C4244:         ]
D:\C++\Projects\BoxMover\BoxMover\Game.cpp(55,42): warning C4244: аргумент: преобразование "T" в "int", возможна потеря данных
D:\C++\Projects\BoxMover\BoxMover\Game.cpp(55,42): warning C4244:         with
D:\C++\Projects\BoxMover\BoxMover\Game.cpp(55,42): warning C4244:         [
D:\C++\Projects\BoxMover\BoxMover\Game.cpp(55,42): warning C4244:             T=float
D:\C++\Projects\BoxMover\BoxMover\Game.cpp(55,42): warning C4244:         ]
D:\C++\Projects\BoxMover\BoxMover\Game.cpp(57,68): warning C4244: аргумент: преобразование "T" в "int", возможна потеря данных
D:\C++\Projects\BoxMover\BoxMover\Game.cpp(57,68): warning C4244:         with
D:\C++\Projects\BoxMover\BoxMover\Game.cpp(57,68): warning C4244:         [
D:\C++\Projects\BoxMover\BoxMover\Game.cpp(57,68): warning C4244:             T=float
D:\C++\Projects\BoxMover\BoxMover\Game.cpp(57,68): warning C4244:         ]
D:\C++\Projects\BoxMover\BoxMover\Game.cpp(57,42): warning C4244: аргумент: преобразование "T" в "int", возможна потеря данных
D:\C++\Projects\BoxMover\BoxMover\Game.cpp(57,42): warning C4244:         with
D:\C++\Projects\BoxMover\BoxMover\Game.cpp(57,42): warning C4244:         [
D:\C++\Projects\BoxMover\BoxMover\Game.cpp(57,42): warning C4244:             T=float
D:\C++\Projects\BoxMover\BoxMover\Game.cpp(57,42): warning C4244:         ]
D:\C++\Projects\BoxMover\BoxMover\Game.cpp(66,60): warning C4244: аргумент: преобразование "T" в "int", возможна потеря данных
D:\C++\Projects\BoxMover\BoxMover\Game.cpp(66,60): warning C4244:         with
D:\C++\Projects\BoxMover\BoxMover\Game.cpp(66,60): warning C4244:         [
D:\C++\Projects\BoxMover\BoxMover\Game.cpp(66,60): warning C4244:             T=float
D:\C++\Projects\BoxMover\BoxMover\Game.cpp(66,60): warning C4244:         ]
D:\C++\Projects\BoxMover\BoxMover\Game.cpp(66,47): warning C4244: аргумент: преобразование "T" в "int", возможна потеря данных
D:\C++\Projects\BoxMover\BoxMover\Game.cpp(66,47): warning C4244:         with
D:\C++\Projects\BoxMover\BoxMover\Game.cpp(66,47): warning C4244:         [
D:\C++\Projects\BoxMover\BoxMover\Game.cpp(66,47): warning C4244:             T=float
D:\C++\Projects\BoxMover\BoxMover\Game.cpp(66,47): warning C4244:         ]
D:\C++\Projects\BoxMover\BoxMover\Game.cpp(69,88): warning C4244: аргумент: преобразование "T" в "int", возможна потеря данных
D:\C++\Projects\BoxMover\BoxMover\Game.cpp(69,88): warning C4244:         with
D:\C++\Projects\BoxMover\BoxMover\Game.cpp(69,88): warning C4244:         [
D:\C++\Projects\BoxMover\BoxMover\Game.cpp(69,88): warning C4244:             T=float
D:\C++\Projects\BoxMover\BoxMover\Game.cpp(69,88): warning C4244:         ]
D:\C++\Projects\BoxMover\BoxMover\Game.cpp(69,62): warning C4244: аргумент: преобразование "T" в "int", возможна потеря данных
D:\C++\Projects\BoxMover\BoxMover\Game.cpp(69,62): warning C4244:         with
D:\C++\Projects\BoxMover\BoxMover\Game.cpp(69,62): warning C4244:         [
D:\C++\Projects\BoxMover\BoxMover\Game.cpp(69,62): warning C4244:             T=float
D:\C++\Projects\BoxMover\BoxMover\Game.cpp(69,62): warning C4244:         ]
D:\C++\Projects\BoxMover\BoxMover\Game.cpp(71,68): warning C4244: аргумент: преобразование "T" в "int", возможна потеря данных
D:\C++\Projects\BoxMover\BoxMover\Game.cpp(71,68): warning C4244:         with
D:\C++\Projects\BoxMover\BoxMover\Game.cpp(71,68): warning C4244:         [
D:\C++\Projects\BoxMover\BoxMover\Game.cpp(71,68): warning C4244:             T=float
D:\C++\Projects\BoxMover\BoxMover\Game.cpp(71,68): warning C4244:         ]
D:\C++\Projects\BoxMover\BoxMover\Game.cpp(71,42): warning C4244: аргумент: преобразование "T" в "int", возможна потеря данных
D:\C++\Projects\BoxMover\BoxMover\Game.cpp(71,42): warning C4244:         with
D:\C++\Projects\BoxMover\BoxMover\Game.cpp(71,42): warning C4244:         [
D:\C++\Projects\BoxMover\BoxMover\Game.cpp(71,42): warning C4244:             T=float
D:\C++\Projects\BoxMover\BoxMover\Game.cpp(71,42): warning C4244:         ]
D:\C++\Projects\BoxMover\BoxMover\Game.cpp(73,68): warning C4244: аргумент: преобразование "T" в "int", возможна потеря данных
D:\C++\Projects\BoxMover\BoxMover\Game.cpp(73,68): warning C4244:         with
D:\C++\Projects\BoxMover\BoxMover\Game.cpp(73,68): warning C4244:         [
D:\C++\Projects\BoxMover\BoxMover\Game.cpp(73,68): warning C4244:             T=float
D:\C++\Projects\BoxMover\BoxMover\Game.cpp(73,68): warning C4244:         ]
D:\C++\Projects\BoxMover\BoxMover\Game.cpp(73,42): warning C4244: аргумент: преобразование "T" в "int", возможна потеря данных
D:\C++\Projects\BoxMover\BoxMover\Game.cpp(73,42): warning C4244:         with
D:\C++\Projects\BoxMover\BoxMover\Game.cpp(73,42): warning C4244:         [
D:\C++\Projects\BoxMover\BoxMover\Game.cpp(73,42): warning C4244:             T=float
D:\C++\Projects\BoxMover\BoxMover\Game.cpp(73,42): warning C4244:         ]
D:\C++\Projects\BoxMover\BoxMover\Game.cpp(88,77): warning C4244: аргумент: преобразование "T" в "int", возможна потеря данных
D:\C++\Projects\BoxMover\BoxMover\Game.cpp(88,77): warning C4244:         with
D:\C++\Projects\BoxMover\BoxMover\Game.cpp(88,77): warning C4244:         [
D:\C++\Projects\BoxMover\BoxMover\Game.cpp(88,77): warning C4244:             T=float
D:\C++\Projects\BoxMover\BoxMover\Game.cpp(88,77): warning C4244:         ]
D:\C++\Projects\BoxMover\BoxMover\Game.cpp(88,46): warning C4244: аргумент: преобразование "T" в "int", возможна потеря данных
D:\C++\Projects\BoxMover\BoxMover\Game.cpp(88,46): warning C4244:         with
D:\C++\Projects\BoxMover\BoxMover\Game.cpp(88,46): warning C4244:         [
D:\C++\Projects\BoxMover\BoxMover\Game.cpp(88,46): warning C4244:             T=float
D:\C++\Projects\BoxMover\BoxMover\Game.cpp(88,46): warning C4244:         ]
D:\C++\Projects\BoxMover\BoxMover\Game.cpp(105,73): warning C4244: аргумент: преобразование "T" в "int", возможна потеря данных
D:\C++\Projects\BoxMover\BoxMover\Game.cpp(105,73): warning C4244:         with
D:\C++\Projects\BoxMover\BoxMover\Game.cpp(105,73): warning C4244:         [
D:\C++\Projects\BoxMover\BoxMover\Game.cpp(105,73): warning C4244:             T=float
D:\C++\Projects\BoxMover\BoxMover\Game.cpp(105,73): warning C4244:         ]
D:\C++\Projects\BoxMover\BoxMover\Game.cpp(105,53): warning C4244: аргумент: преобразование "T" в "int", возможна потеря данных
D:\C++\Projects\BoxMover\BoxMover\Game.cpp(105,53): warning C4244:         with
D:\C++\Projects\BoxMover\BoxMover\Game.cpp(105,53): warning C4244:         [
D:\C++\Projects\BoxMover\BoxMover\Game.cpp(105,53): warning C4244:             T=float
D:\C++\Projects\BoxMover\BoxMover\Game.cpp(105,53): warning C4244:         ]
D:\C++\Projects\BoxMover\BoxMover\Game.cpp(108,80): warning C4244: аргумент: преобразование "T" в "int", возможна потеря данных
D:\C++\Projects\BoxMover\BoxMover\Game.cpp(108,80): warning C4244:         with
D:\C++\Projects\BoxMover\BoxMover\Game.cpp(108,80): warning C4244:         [
D:\C++\Projects\BoxMover\BoxMover\Game.cpp(108,80): warning C4244:             T=float
D:\C++\Projects\BoxMover\BoxMover\Game.cpp(108,80): warning C4244:         ]
D:\C++\Projects\BoxMover\BoxMover\Game.cpp(108,67): warning C4244: аргумент: преобразование "T" в "int", возможна потеря данных
D:\C++\Projects\BoxMover\BoxMover\Game.cpp(108,67): warning C4244:         with
D:\C++\Projects\BoxMover\BoxMover\Game.cpp(108,67): warning C4244:         [
D:\C++\Projects\BoxMover\BoxMover\Game.cpp(108,67): warning C4244:             T=float
D:\C++\Projects\BoxMover\BoxMover\Game.cpp(108,67): warning C4244:         ]
D:\C++\Projects\BoxMover\BoxMover\Game.cpp(111,80): warning C4244: аргумент: преобразование "T" в "int", возможна потеря данных
D:\C++\Projects\BoxMover\BoxMover\Game.cpp(111,80): warning C4244:         with
D:\C++\Projects\BoxMover\BoxMover\Game.cpp(111,80): warning C4244:         [
D:\C++\Projects\BoxMover\BoxMover\Game.cpp(111,80): warning C4244:             T=float
D:\C++\Projects\BoxMover\BoxMover\Game.cpp(111,80): warning C4244:         ]
D:\C++\Projects\BoxMover\BoxMover\Game.cpp(111,60): warning C4244: аргумент: преобразование "T" в "int", возможна потеря данных
D:\C++\Projects\BoxMover\BoxMover\Game.cpp(111,60): warning C4244:         with
D:\C++\Projects\BoxMover\BoxMover\Game.cpp(111,60): warning C4244:         [
D:\C++\Projects\BoxMover\BoxMover\Game.cpp(111,60): warning C4244:             T=float
D:\C++\Projects\BoxMover\BoxMover\Game.cpp(111,60): warning C4244:         ]
D:\C++\Projects\BoxMover\BoxMover\Game.cpp(114,73): warning C4244: аргумент: преобразование "T" в "int", возможна потеря данных
D:\C++\Projects\BoxMover\BoxMover\Game.cpp(114,73): warning C4244:         with
D:\C++\Projects\BoxMover\BoxMover\Game.cpp(114,73): warning C4244:         [
D:\C++\Projects\BoxMover\BoxMover\Game.cpp(114,73): warning C4244:             T=float
D:\C++\Projects\BoxMover\BoxMover\Game.cpp(114,73): warning C4244:         ]
D:\C++\Projects\BoxMover\BoxMover\Game.cpp(114,60): warning C4244: аргумент: преобразование "T" в "int", возможна потеря данных
D:\C++\Projects\BoxMover\BoxMover\Game.cpp(114,60): warning C4244:         with
D:\C++\Projects\BoxMover\BoxMover\Game.cpp(114,60): warning C4244:         [
D:\C++\Projects\BoxMover\BoxMover\Game.cpp(114,60): warning C4244:             T=float
D:\C++\Projects\BoxMover\BoxMover\Game.cpp(114,60): warning C4244:         ]
D:\C++\Projects\BoxMover\BoxMover\Game.cpp(122,27): warning C4244: аргумент: преобразование "float" в "DWORD", возможна потеря данных
D:\C++\Projects\BoxMover\BoxMover\Game.cpp(156,92): warning C4244: аргумент: преобразование "int" в "T", возможна потеря данных
D:\C++\Projects\BoxMover\BoxMover\Game.cpp(156,92): warning C4244:         with
D:\C++\Projects\BoxMover\BoxMover\Game.cpp(156,92): warning C4244:         [
D:\C++\Projects\BoxMover\BoxMover\Game.cpp(156,92): warning C4244:             T=float
D:\C++\Projects\BoxMover\BoxMover\Game.cpp(156,92): warning C4244:         ]
D:\C++\Projects\BoxMover\BoxMover\Game.cpp(156,86): warning C4244: аргумент: преобразование "int" в "T", возможна потеря данных
D:\C++\Projects\BoxMover\BoxMover\Game.cpp(156,86): warning C4244:         with
D:\C++\Projects\BoxMover\BoxMover\Game.cpp(156,86): warning C4244:         [
D:\C++\Projects\BoxMover\BoxMover\Game.cpp(156,86): warning C4244:             T=float
D:\C++\Projects\BoxMover\BoxMover\Game.cpp(156,86): warning C4244:         ]
D:\C++\Projects\BoxMover\BoxMover\Game.cpp(158,31): warning C4244: аргумент: преобразование "int" в "T", возможна потеря данных
D:\C++\Projects\BoxMover\BoxMover\Game.cpp(158,31): warning C4244:         with
D:\C++\Projects\BoxMover\BoxMover\Game.cpp(158,31): warning C4244:         [
D:\C++\Projects\BoxMover\BoxMover\Game.cpp(158,31): warning C4244:             T=float
D:\C++\Projects\BoxMover\BoxMover\Game.cpp(158,31): warning C4244:         ]
D:\C++\Projects\BoxMover\BoxMover\Game.cpp(158,25): warning C4244: аргумент: преобразование "int" в "T", возможна потеря данных
D:\C++\Projects\BoxMover\BoxMover\Game.cpp(158,25): warning C4244:         with
D:\C++\Projects\BoxMover\BoxMover\Game.cpp(158,25): warning C4244:         [
D:\C++\Projects\BoxMover\BoxMover\Game.cpp(158,25): warning C4244:             T=float
D:\C++\Projects\BoxMover\BoxMover\Game.cpp(158,25): warning C4244:         ]
D:\C++\Projects\BoxMover\BoxMover\Game.cpp(176,101): warning C4244: аргумент: преобразование "int" в "T", возможна потеря данных
D:\C++\Projects\BoxMover\BoxMover\Game.cpp(176,101): warning C4244:         with
D:\C++\Projects\BoxMover\BoxMover\Game.cpp(176,101): warning C4244:         [
D:\C++\Projects\BoxMover\BoxMover\Game.cpp(176,101): warning C4244:             T=float
D:\C++\Projects\BoxMover\BoxMover\Game.cpp(176,101): warning C4244:         ]
D:\C++\Projects\BoxMover\BoxMover\Game.cpp(176,92): warning C4244: аргумент: преобразование "int" в "T", возможна потеря данных
D:\C++\Projects\BoxMover\BoxMover\Game.cpp(176,92): warning C4244:         with
D:\C++\Projects\BoxMover\BoxMover\Game.cpp(176,92): warning C4244:         [
D:\C++\Projects\BoxMover\BoxMover\Game.cpp(176,92): warning C4244:             T=float
D:\C++\Projects\BoxMover\BoxMover\Game.cpp(176,92): warning C4244:         ]
D:\C++\Projects\BoxMover\BoxMover\Game.cpp(178,40): warning C4244: аргумент: преобразование "int" в "T", возможна потеря данных
D:\C++\Projects\BoxMover\BoxMover\Game.cpp(178,40): warning C4244:         with
D:\C++\Projects\BoxMover\BoxMover\Game.cpp(178,40): warning C4244:         [
D:\C++\Projects\BoxMover\BoxMover\Game.cpp(178,40): warning C4244:             T=float
D:\C++\Projects\BoxMover\BoxMover\Game.cpp(178,40): warning C4244:         ]
D:\C++\Projects\BoxMover\BoxMover\Game.cpp(178,31): warning C4244: аргумент: преобразование "int" в "T", возможна потеря данных
D:\C++\Projects\BoxMover\BoxMover\Game.cpp(178,31): warning C4244:         with
D:\C++\Projects\BoxMover\BoxMover\Game.cpp(178,31): warning C4244:         [
D:\C++\Projects\BoxMover\BoxMover\Game.cpp(178,31): warning C4244:             T=float
D:\C++\Projects\BoxMover\BoxMover\Game.cpp(178,31): warning C4244:         ]
  BoxMover.vcxproj -> D:\C++\Projects\BoxMover\BoxMover\x64\Debug\BoxMover.exe
